<?xml version="1.0" encoding="UTF-8"?>
<testng-results ignored="0" total="1" passed="1" failed="0" skipped="0">
  <reporter-output>
    <line>
      <![CDATA[OpenBrowser]]>
    </line>
    <line>
      <![CDATA[login]]>
    </line>
    <line>
      <![CDATA[CreateCustomer]]>
    </line>
    <line>
      <![CDATA[Logout]]>
    </line>
    <line>
      <![CDATA[CloseBrowsers]]>
    </line>
  </reporter-output>
  <suite started-at="2022-07-12T13:42:48 IST" name="Default suite" finished-at="2022-07-12T13:47:36 IST" duration-ms="288212">
    <groups>
    </groups>
    <test started-at="2022-07-12T13:42:48 IST" name="Default test" finished-at="2022-07-12T13:47:36 IST" duration-ms="288212">
      <class name="com.actitime.testscript.CustomerModule">
        <test-method is-config="true" signature="OpenBrowsers()[pri:0, instance:com.actitime.testscript.CustomerModule@53fdffa1]" started-at="2022-07-12T13:42:48 IST" name="OpenBrowsers" finished-at="2022-07-12T13:44:47 IST" duration-ms="118471" status="PASS">
          <reporter-output>
            <line>
              <![CDATA[OpenBrowser]]>
            </line>
          </reporter-output>
        </test-method> <!-- OpenBrowsers -->
        <test-method is-config="true" signature="login()[pri:0, instance:com.actitime.testscript.CustomerModule@53fdffa1]" started-at="2022-07-12T13:44:47 IST" name="login" finished-at="2022-07-12T13:45:58 IST" duration-ms="71091" status="PASS">
          <reporter-output>
            <line>
              <![CDATA[login]]>
            </line>
          </reporter-output>
        </test-method> <!-- login -->
        <test-method signature="testCreateCustomer()[pri:0, instance:com.actitime.testscript.CustomerModule@53fdffa1]" started-at="2022-07-12T13:45:58 IST" name="testCreateCustomer" finished-at="2022-07-12T13:47:15 IST" duration-ms="76682" status="PASS">
          <reporter-output>
            <line>
              <![CDATA[CreateCustomer]]>
            </line>
          </reporter-output>
        </test-method> <!-- testCreateCustomer -->
        <test-method is-config="true" signature="logout()[pri:0, instance:com.actitime.testscript.CustomerModule@53fdffa1]" started-at="2022-07-12T13:47:15 IST" name="logout" finished-at="2022-07-12T13:47:36 IST" duration-ms="21514" status="PASS">
          <reporter-output>
            <line>
              <![CDATA[Logout]]>
            </line>
          </reporter-output>
        </test-method> <!-- logout -->
        <test-method is-config="true" signature="closeBrowser()[pri:0, instance:com.actitime.testscript.CustomerModule@53fdffa1]" started-at="2022-07-12T13:47:36 IST" name="closeBrowser" finished-at="2022-07-12T13:47:36 IST" duration-ms="349" status="PASS">
          <reporter-output>
            <line>
              <![CDATA[CloseBrowsers]]>
            </line>
          </reporter-output>
        </test-method> <!-- closeBrowser -->
      </class> <!-- com.actitime.testscript.CustomerModule -->
    </test> <!-- Default test -->
  </suite> <!-- Default suite -->
</testng-results>
